0 info it worked if it ends with ok
1 verbose cli [ '/usr/local/bin/node', '/usr/local/bin/npm', 'search', 'node' ]
2 info using npm@3.5.2
3 info using node@v4.2.4
4 silly mapToRegistry name -/all
5 silly mapToRegistry using default registry
6 silly mapToRegistry registry http://registry.cnpmjs.org/
7 silly mapToRegistry uri http://registry.cnpmjs.org/-/all
8 info updateIndex /Users/yzhang/.npm/registry.cnpmjs.org/-/all/.cache.json
9 warn Building the local index for the first time, please be patient
10 silly update-index fetching http://registry.cnpmjs.org/-/all
11 verbose request uri http://registry.cnpmjs.org/-/all
12 verbose request no auth needed
13 info attempt registry request try #1 at 3:22:17 PM
14 verbose request id 5ea5b4f4be4a6588
15 http request GET http://registry.cnpmjs.org/-/all
16 http 200 http://registry.cnpmjs.org/-/all
17 verbose headers { server: 'nginx/1.4.6 (Ubuntu)',
17 verbose headers   date: 'Wed, 27 Jan 2016 07:22:20 GMT',
17 verbose headers   'content-type': 'application/json; charset=utf-8',
17 verbose headers   'transfer-encoding': 'chunked',
17 verbose headers   connection: 'keep-alive',
17 verbose headers   'x-readtime': '1741',
17 verbose headers   'content-encoding': 'gzip' }
18 verbose stack Error: true true: -/all
18 verbose stack     at makeError (/usr/local/lib/node_modules/npm/node_modules/npm-registry-client/lib/request.js:264:12)
18 verbose stack     at CachingRegistryClient.<anonymous> (/usr/local/lib/node_modules/npm/node_modules/npm-registry-client/lib/request.js:252:14)
18 verbose stack     at /usr/local/lib/node_modules/npm/node_modules/npm-registry-client/lib/request.js:178:7
18 verbose stack     at Gunzip.onEnd (zlib.js:227:5)
18 verbose stack     at emitNone (events.js:72:20)
18 verbose stack     at Gunzip.emit (events.js:166:7)
18 verbose stack     at endReadableNT (_stream_readable.js:905:12)
18 verbose stack     at doNTCallback2 (node.js:441:9)
18 verbose stack     at process._tickCallback (node.js:355:17)
19 verbose statusCode 200
20 verbose cwd /Users/yzhang/Google Drive/Code/web-code-sample
21 error Darwin 15.2.0
22 error argv "/usr/local/bin/node" "/usr/local/bin/npm" "search" "node"
23 error node v4.2.4
24 error npm  v3.5.2
25 error code E200
26 error true true: -/all
27 error If you need help, you may report this error at:
27 error     <https://github.com/npm/npm/issues>
28 verbose exit [ 1, true ]
